<?xml version="1.0" encoding="UTF-8"?>
<testsuite name="test.cn.heh.order.service.MapperTest" tests="0" skipped="0" failures="0" errors="0" timestamp="1970-01-01T00:00:00" hostname="hehuandeMacBook-Pro.local" time="0.0">
  <properties/>
  <system-out><![CDATA[]]></system-out>
  <system-err><![CDATA[log4j2 config file:/Users/hehuan/IdeaProjects/MybatisTestNew/data_service/resources/log4j2.xml not exist
]]></system-err>
</testsuite>
